
> server@1.0.0 start
> node server.js

node:internal/fs/utils:350
    throw err;
    ^

Error: EACCES: permission denied, open '/etc/letsencrypt/live/api.dmrs.space/privkey.pem'
    at Object.openSync (node:fs:603:3)
    at Object.readFileSync (node:fs:471:35)
    at Object.<anonymous> (/home/ubuntu/project/did-medical-record-management/server/server.js:7:11)
    at Module._compile (node:internal/modules/cjs/loader:1256:14)
    at Module._extensions..js (node:internal/modules/cjs/loader:1310:10)
    at Module.load (node:internal/modules/cjs/loader:1119:32)
    at Module._load (node:internal/modules/cjs/loader:960:12)
    at Function.executeUserEntryPoint [as runMain] (node:internal/modules/run_main:81:12)
    at node:internal/main/run_main_module:23:47 {
  errno: -13,
  syscall: 'open',
  code: 'EACCES',
  path: '/etc/letsencrypt/live/api.dmrs.space/privkey.pem'
}

Node.js v18.17.1
